<?xml version="1.0" encoding="UTF-8"?>
<testng-results ignored="0" total="1" passed="1" failed="0" skipped="0">
  <reporter-output>
  </reporter-output>
  <suite started-at="2020-12-10T09:16:42 PST" name="Default suite" finished-at="2020-12-10T09:17:35 PST" duration-ms="52920">
    <groups>
    </groups>
    <test started-at="2020-12-10T09:16:42 PST" name="Default test" finished-at="2020-12-10T09:17:35 PST" duration-ms="52920">
      <class name="testcases.scheduleatourTest">
        <test-method signature="verifyHomepageTitle()[pri:0, instance:testcases.scheduleatourTest@60015ef5]" started-at="2020-12-10T09:16:42 PST" name="verifyHomepageTitle" finished-at="2020-12-10T09:17:35 PST" duration-ms="52890" status="PASS">
          <reporter-output>
          </reporter-output>
        </test-method> <!-- verifyHomepageTitle -->
      </class> <!-- testcases.scheduleatourTest -->
    </test> <!-- Default test -->
  </suite> <!-- Default suite -->
</testng-results>
